edzesnaplo/app/build/intermediates/manifest_merge_blame_file/debug/manifest-merger-blame-debug-report.txt
1<?xml version="1.0" encoding="utf-8"?>
2<manifest xmlns:android="http://schemas.android.com/apk/res/android"
3    package="com.example.edzesnaplo"
4    android:versionCode="1"
5    android:versionName="1.0" >
6
7    <uses-sdk
8        android:minSdkVersion="21"
8-->src\main\AndroidManifest.xml
9        android:targetSdkVersion="32" />
9-->src\main\AndroidManifest.xml
10
11    <uses-permission android:name="android.permission.INTERNET" />
11-->[com.google.firebase:firebase-auth:20.0.3] AndroidManifest.xml:23:5-67
11-->[com.google.firebase:firebase-auth:20.0.3] AndroidManifest.xml:23:22-64
12    <uses-permission android:name="android.permission.ACCESS_NETWORK_STATE" />
12-->[com.google.firebase:firebase-auth:20.0.3] AndroidManifest.xml:24:5-79
12-->[com.google.firebase:firebase-auth:20.0.3] AndroidManifest.xml:24:22-76
13
14    <application
14-->src\main\AndroidManifest.xml:5:5-45:19
15        android:allowBackup="true"
15-->src\main\AndroidManifest.xml:6:9-35
16        android:appComponentFactory="androidx.core.app.CoreComponentFactory"
16-->[androidx.core:core:1.7.0] AndroidManifest.xml:24:18-86
17        android:debuggable="true"
18        android:icon="@mipmap/ic_launcher"
18-->src\main\AndroidManifest.xml:7:9-43
19        android:label="@string/app_name"
19-->src\main\AndroidManifest.xml:8:9-41
20        android:roundIcon="@mipmap/ic_launcher_round"
20-->src\main\AndroidManifest.xml:9:9-54
21        android:supportsRtl="true"
21-->src\main\AndroidManifest.xml:10:9-35
22        android:theme="@style/Theme.Edzesnaplo" >
22-->src\main\AndroidManifest.xml:11:9-48
23        <activity
23-->src\main\AndroidManifest.xml:12:9-13:39
24            android:name="com.example.edzesnaplo.WorkoutsListActivity"
24-->src\main\AndroidManifest.xml:12:19-55
25            android:exported="false" />
25-->src\main\AndroidManifest.xml:13:13-37
26        <activity
26-->src\main\AndroidManifest.xml:14:9-15:39
27            android:name="com.example.edzesnaplo.ProfileSettingsActivity"
27-->src\main\AndroidManifest.xml:14:19-58
28            android:exported="false" />
28-->src\main\AndroidManifest.xml:15:13-37
29        <activity
29-->src\main\AndroidManifest.xml:16:9-17:39
30            android:name="com.example.edzesnaplo.sports.AerobicActivity"
30-->src\main\AndroidManifest.xml:16:19-57
31            android:exported="false" />
31-->src\main\AndroidManifest.xml:17:13-37
32        <activity
32-->src\main\AndroidManifest.xml:18:9-19:39
33            android:name="com.example.edzesnaplo.sports.ClimbingActivity"
33-->src\main\AndroidManifest.xml:18:19-58
34            android:exported="false" />
34-->src\main\AndroidManifest.xml:19:13-37
35        <activity
35-->src\main\AndroidManifest.xml:20:9-21:39
36            android:name="com.example.edzesnaplo.sports.CyclingActivity"
36-->src\main\AndroidManifest.xml:20:19-57
37            android:exported="false" />
37-->src\main\AndroidManifest.xml:21:13-37
38        <activity
38-->src\main\AndroidManifest.xml:22:9-23:39
39            android:name="com.example.edzesnaplo.sports.FootballActivity"
39-->src\main\AndroidManifest.xml:22:19-58
40            android:exported="false" />
40-->src\main\AndroidManifest.xml:23:13-37
41        <activity
41-->src\main\AndroidManifest.xml:24:9-25:39
42            android:name="com.example.edzesnaplo.sports.KayakingActivity"
42-->src\main\AndroidManifest.xml:24:19-58
43            android:exported="false" />
43-->src\main\AndroidManifest.xml:25:13-37
44        <activity
44-->src\main\AndroidManifest.xml:26:9-27:39
45            android:name="com.example.edzesnaplo.sports.LiftingActivity"
45-->src\main\AndroidManifest.xml:26:19-57
46            android:exported="false" />
46-->src\main\AndroidManifest.xml:27:13-37
47        <activity
47-->src\main\AndroidManifest.xml:28:9-29:39
48            android:name="com.example.edzesnaplo.sports.RunActivity"
48-->src\main\AndroidManifest.xml:28:19-53
49            android:exported="false" />
49-->src\main\AndroidManifest.xml:29:13-37
50        <activity
50-->src\main\AndroidManifest.xml:30:9-31:39
51            android:name="com.example.edzesnaplo.sports.SwimmingActivity"
51-->src\main\AndroidManifest.xml:30:19-58
52            android:exported="false" />
52-->src\main\AndroidManifest.xml:31:13-37
53        <activity
53-->src\main\AndroidManifest.xml:32:9-33:39
54            android:name="com.example.edzesnaplo.RegistrationActivity"
54-->src\main\AndroidManifest.xml:32:19-55
55            android:exported="false" />
55-->src\main\AndroidManifest.xml:33:13-37
56        <activity
56-->src\main\AndroidManifest.xml:34:9-35:39
57            android:name="com.example.edzesnaplo.TrainingActivity"
57-->src\main\AndroidManifest.xml:34:19-51
58            android:exported="false" />
58-->src\main\AndroidManifest.xml:35:13-37
59        <activity
59-->src\main\AndroidManifest.xml:36:9-44:20
60            android:name="com.example.edzesnaplo.MainActivity"
60-->src\main\AndroidManifest.xml:37:13-41
61            android:exported="true" >
61-->src\main\AndroidManifest.xml:38:13-36
62            <intent-filter>
62-->src\main\AndroidManifest.xml:39:13-43:29
63                <action android:name="android.intent.action.MAIN" />
63-->src\main\AndroidManifest.xml:40:17-69
63-->src\main\AndroidManifest.xml:40:25-66
64
65                <category android:name="android.intent.category.LAUNCHER" />
65-->src\main\AndroidManifest.xml:42:17-77
65-->src\main\AndroidManifest.xml:42:27-74
66            </intent-filter>
67        </activity>
68        <activity
68-->[com.google.firebase:firebase-auth:20.0.3] AndroidManifest.xml:27:9-44:20
69            android:name="com.google.firebase.auth.internal.GenericIdpActivity"
69-->[com.google.firebase:firebase-auth:20.0.3] AndroidManifest.xml:28:13-80
70            android:excludeFromRecents="true"
70-->[com.google.firebase:firebase-auth:20.0.3] AndroidManifest.xml:29:13-46
71            android:exported="true"
71-->[com.google.firebase:firebase-auth:20.0.3] AndroidManifest.xml:30:13-36
72            android:launchMode="singleTask"
72-->[com.google.firebase:firebase-auth:20.0.3] AndroidManifest.xml:31:13-44
73            android:theme="@android:style/Theme.Translucent.NoTitleBar" >
73-->[com.google.firebase:firebase-auth:20.0.3] AndroidManifest.xml:32:13-72
74            <intent-filter>
74-->[com.google.firebase:firebase-auth:20.0.3] AndroidManifest.xml:33:13-43:29
75                <action android:name="android.intent.action.VIEW" />
75-->[com.google.firebase:firebase-auth:20.0.3] AndroidManifest.xml:34:17-69
75-->[com.google.firebase:firebase-auth:20.0.3] AndroidManifest.xml:34:25-66
76
77                <category android:name="android.intent.category.DEFAULT" />
77-->[com.google.firebase:firebase-auth:20.0.3] AndroidManifest.xml:36:17-76
77-->[com.google.firebase:firebase-auth:20.0.3] AndroidManifest.xml:36:27-73
78                <category android:name="android.intent.category.BROWSABLE" />
78-->[com.google.firebase:firebase-auth:20.0.3] AndroidManifest.xml:37:17-78
78-->[com.google.firebase:firebase-auth:20.0.3] AndroidManifest.xml:37:27-75
79
80                <data
80-->[com.google.firebase:firebase-auth:20.0.3] AndroidManifest.xml:39:17-42:51
81                    android:host="firebase.auth"
81-->[com.google.firebase:firebase-auth:20.0.3] AndroidManifest.xml:40:21-49
82                    android:path="/"
82-->[com.google.firebase:firebase-auth:20.0.3] AndroidManifest.xml:41:21-37
83                    android:scheme="genericidp" />
83-->[com.google.firebase:firebase-auth:20.0.3] AndroidManifest.xml:42:21-48
84            </intent-filter>
85        </activity>
86        <activity
86-->[com.google.firebase:firebase-auth:20.0.3] AndroidManifest.xml:45:9-62:20
87            android:name="com.google.firebase.auth.internal.RecaptchaActivity"
87-->[com.google.firebase:firebase-auth:20.0.3] AndroidManifest.xml:46:13-79
88            android:excludeFromRecents="true"
88-->[com.google.firebase:firebase-auth:20.0.3] AndroidManifest.xml:47:13-46
89            android:exported="true"
89-->[com.google.firebase:firebase-auth:20.0.3] AndroidManifest.xml:48:13-36
90            android:launchMode="singleTask"
90-->[com.google.firebase:firebase-auth:20.0.3] AndroidManifest.xml:49:13-44
91            android:theme="@android:style/Theme.Translucent.NoTitleBar" >
91-->[com.google.firebase:firebase-auth:20.0.3] AndroidManifest.xml:50:13-72
92            <intent-filter>
92-->[com.google.firebase:firebase-auth:20.0.3] AndroidManifest.xml:51:13-61:29
93                <action android:name="android.intent.action.VIEW" />
93-->[com.google.firebase:firebase-auth:20.0.3] AndroidManifest.xml:34:17-69
93-->[com.google.firebase:firebase-auth:20.0.3] AndroidManifest.xml:34:25-66
94
95                <category android:name="android.intent.category.DEFAULT" />
95-->[com.google.firebase:firebase-auth:20.0.3] AndroidManifest.xml:36:17-76
95-->[com.google.firebase:firebase-auth:20.0.3] AndroidManifest.xml:36:27-73
96                <category android:name="android.intent.category.BROWSABLE" />
96-->[com.google.firebase:firebase-auth:20.0.3] AndroidManifest.xml:37:17-78
96-->[com.google.firebase:firebase-auth:20.0.3] AndroidManifest.xml:37:27-75
97
98                <data
98-->[com.google.firebase:firebase-auth:20.0.3] AndroidManifest.xml:39:17-42:51
99                    android:host="firebase.auth"
99-->[com.google.firebase:firebase-auth:20.0.3] AndroidManifest.xml:40:21-49
100                    android:path="/"
100-->[com.google.firebase:firebase-auth:20.0.3] AndroidManifest.xml:41:21-37
101                    android:scheme="recaptcha" />
101-->[com.google.firebase:firebase-auth:20.0.3] AndroidManifest.xml:42:21-48
102            </intent-filter>
103        </activity>
104
105        <service
105-->[com.google.firebase:firebase-auth:20.0.3] AndroidManifest.xml:64:9-73:19
106            android:name="com.google.firebase.auth.api.fallback.service.FirebaseAuthFallbackService"
106-->[com.google.firebase:firebase-auth:20.0.3] AndroidManifest.xml:65:13-101
107            android:enabled="true"
107-->[com.google.firebase:firebase-auth:20.0.3] AndroidManifest.xml:66:13-35
108            android:exported="false" >
108-->[com.google.firebase:firebase-auth:20.0.3] AndroidManifest.xml:67:13-37
109            <intent-filter>
109-->[com.google.firebase:firebase-auth:20.0.3] AndroidManifest.xml:68:13-72:29
110                <action android:name="com.google.firebase.auth.api.gms.service.START" />
110-->[com.google.firebase:firebase-auth:20.0.3] AndroidManifest.xml:69:17-89
110-->[com.google.firebase:firebase-auth:20.0.3] AndroidManifest.xml:69:25-86
111
112                <category android:name="android.intent.category.DEFAULT" />
112-->[com.google.firebase:firebase-auth:20.0.3] AndroidManifest.xml:36:17-76
112-->[com.google.firebase:firebase-auth:20.0.3] AndroidManifest.xml:36:27-73
113            </intent-filter>
114        </service>
115        <service
115-->[com.google.firebase:firebase-auth:20.0.3] AndroidManifest.xml:74:9-80:19
116            android:name="com.google.firebase.components.ComponentDiscoveryService"
116-->[com.google.firebase:firebase-auth:20.0.3] AndroidManifest.xml:75:13-84
117            android:directBootAware="true"
117-->[com.google.firebase:firebase-common:19.5.0] AndroidManifest.xml:35:13-43
118            android:exported="false" >
118-->[com.google.firebase:firebase-auth:20.0.3] AndroidManifest.xml:76:13-37
119            <meta-data
119-->[com.google.firebase:firebase-auth:20.0.3] AndroidManifest.xml:77:13-79:85
120                android:name="com.google.firebase.components:com.google.firebase.auth.FirebaseAuthRegistrar"
120-->[com.google.firebase:firebase-auth:20.0.3] AndroidManifest.xml:78:17-109
121                android:value="com.google.firebase.components.ComponentRegistrar" />
121-->[com.google.firebase:firebase-auth:20.0.3] AndroidManifest.xml:79:17-82
122            <!--
123                This registrar is not defined in the dynamic-module-support sdk itself to allow non-firebase
124                clients to use it as well, by defining this registrar in their own core/common library.
125            -->
126            <meta-data
126-->[com.google.firebase:firebase-common:19.5.0] AndroidManifest.xml:43:13-45:85
127                android:name="com.google.firebase.components:com.google.firebase.dynamicloading.DynamicLoadingRegistrar"
127-->[com.google.firebase:firebase-common:19.5.0] AndroidManifest.xml:44:17-121
128                android:value="com.google.firebase.components.ComponentRegistrar" />
128-->[com.google.firebase:firebase-common:19.5.0] AndroidManifest.xml:45:17-82
129        </service>
130
131        <activity
131-->[com.google.android.gms:play-services-auth:20.1.0] AndroidManifest.xml:23:9-27:75
132            android:name="com.google.android.gms.auth.api.signin.internal.SignInHubActivity"
132-->[com.google.android.gms:play-services-auth:20.1.0] AndroidManifest.xml:24:13-93
133            android:excludeFromRecents="true"
133-->[com.google.android.gms:play-services-auth:20.1.0] AndroidManifest.xml:25:13-46
134            android:exported="false"
134-->[com.google.android.gms:play-services-auth:20.1.0] AndroidManifest.xml:26:13-37
135            android:theme="@android:style/Theme.Translucent.NoTitleBar" />
135-->[com.google.android.gms:play-services-auth:20.1.0] AndroidManifest.xml:27:13-72
136        <!--
137            Service handling Google Sign-In user revocation. For apps that do not integrate with
138            Google Sign-In, this service will never be started.
139        -->
140        <service
140-->[com.google.android.gms:play-services-auth:20.1.0] AndroidManifest.xml:33:9-37:51
141            android:name="com.google.android.gms.auth.api.signin.RevocationBoundService"
141-->[com.google.android.gms:play-services-auth:20.1.0] AndroidManifest.xml:34:13-89
142            android:exported="true"
142-->[com.google.android.gms:play-services-auth:20.1.0] AndroidManifest.xml:35:13-36
143            android:permission="com.google.android.gms.auth.api.signin.permission.REVOCATION_NOTIFICATION"
143-->[com.google.android.gms:play-services-auth:20.1.0] AndroidManifest.xml:36:13-107
144            android:visibleToInstantApps="true" />
144-->[com.google.android.gms:play-services-auth:20.1.0] AndroidManifest.xml:37:13-48
145
146        <provider
146-->[com.google.firebase:firebase-common:19.5.0] AndroidManifest.xml:26:9-31:39
147            android:name="com.google.firebase.provider.FirebaseInitProvider"
147-->[com.google.firebase:firebase-common:19.5.0] AndroidManifest.xml:27:13-77
148            android:authorities="com.example.edzesnaplo.firebaseinitprovider"
148-->[com.google.firebase:firebase-common:19.5.0] AndroidManifest.xml:28:13-72
149            android:directBootAware="true"
149-->[com.google.firebase:firebase-common:19.5.0] AndroidManifest.xml:29:13-43
150            android:exported="false"
150-->[com.google.firebase:firebase-common:19.5.0] AndroidManifest.xml:30:13-37
151            android:initOrder="100" />
151-->[com.google.firebase:firebase-common:19.5.0] AndroidManifest.xml:31:13-36
152
153        <activity
153-->[com.google.android.gms:play-services-base:18.0.1] AndroidManifest.xml:20:9-22:45
154            android:name="com.google.android.gms.common.api.GoogleApiActivity"
154-->[com.google.android.gms:play-services-base:18.0.1] AndroidManifest.xml:20:19-85
155            android:exported="false"
155-->[com.google.android.gms:play-services-base:18.0.1] AndroidManifest.xml:22:19-43
156            android:theme="@android:style/Theme.Translucent.NoTitleBar" />
156-->[com.google.android.gms:play-services-base:18.0.1] AndroidManifest.xml:21:19-78
157
158        <meta-data
158-->[com.google.android.gms:play-services-basement:18.0.0] AndroidManifest.xml:21:9-23:69
159            android:name="com.google.android.gms.version"
159-->[com.google.android.gms:play-services-basement:18.0.0] AndroidManifest.xml:22:13-58
160            android:value="@integer/google_play_services_version" />
160-->[com.google.android.gms:play-services-basement:18.0.0] AndroidManifest.xml:23:13-66
161
162        <provider
162-->[androidx.emoji2:emoji2:1.0.0] AndroidManifest.xml:26:9-34:20
163            android:name="androidx.startup.InitializationProvider"
163-->[androidx.emoji2:emoji2:1.0.0] AndroidManifest.xml:27:13-67
164            android:authorities="com.example.edzesnaplo.androidx-startup"
164-->[androidx.emoji2:emoji2:1.0.0] AndroidManifest.xml:28:13-68
165            android:exported="false" >
165-->[androidx.emoji2:emoji2:1.0.0] AndroidManifest.xml:29:13-37
166            <meta-data
166-->[androidx.emoji2:emoji2:1.0.0] AndroidManifest.xml:31:13-33:52
167                android:name="androidx.emoji2.text.EmojiCompatInitializer"
167-->[androidx.emoji2:emoji2:1.0.0] AndroidManifest.xml:32:17-75
168                android:value="androidx.startup" />
168-->[androidx.emoji2:emoji2:1.0.0] AndroidManifest.xml:33:17-49
169            <meta-data
169-->[androidx.lifecycle:lifecycle-process:2.4.0] AndroidManifest.xml:31:13-33:52
170                android:name="androidx.lifecycle.ProcessLifecycleInitializer"
170-->[androidx.lifecycle:lifecycle-process:2.4.0] AndroidManifest.xml:32:17-78
171                android:value="androidx.startup" />
171-->[androidx.lifecycle:lifecycle-process:2.4.0] AndroidManifest.xml:33:17-49
172        </provider>
173
174        <uses-library
174-->[androidx.window:window:1.0.0] AndroidManifest.xml:25:9-27:40
175            android:name="androidx.window.extensions"
175-->[androidx.window:window:1.0.0] AndroidManifest.xml:26:13-54
176            android:required="false" />
176-->[androidx.window:window:1.0.0] AndroidManifest.xml:27:13-37
177        <uses-library
177-->[androidx.window:window:1.0.0] AndroidManifest.xml:28:9-30:40
178            android:name="androidx.window.sidecar"
178-->[androidx.window:window:1.0.0] AndroidManifest.xml:29:13-51
179            android:required="false" />
179-->[androidx.window:window:1.0.0] AndroidManifest.xml:30:13-37
180    </application>
181
182</manifest>